[2019-12-28T13:38:46.429] [INFO] default - --------------------------- 开始编译 ---------------------------
[2019-12-28T13:38:46.431] [INFO] default - 程序运行目录: C:\Users\my\Documents\GitHub\dfzjH5
[2019-12-28T13:38:46.431] [INFO] default - 首次启动!
[2019-12-28T13:38:46.431] [INFO] default - 生成版本号: 0ynbui4bndr
[2019-12-28T13:38:46.450] [INFO] default - 清理资源文件夹: C:\Users\my\Documents\GitHub\dfzjH5\dist\static
[2019-12-28T13:38:46.450] [INFO] default - 文件夹不存在: C:\Users\my\Documents\GitHub\dfzjH5\dist\static
[2019-12-28T13:38:46.450] [INFO] default - 创建文件夹: C:\Users\my\Documents\GitHub\dfzjH5\dist\static
[2019-12-28T13:38:46.450] [INFO] default - 读取模板文件: C:\Users\my\Documents\GitHub\pack\lib\index.html
[2019-12-28T13:38:46.451] [DEBUG] default - 读取网页标题: {TAG_14226_TAG}
[2019-12-28T13:38:46.451] [DEBUG] default - 处理页面源信息: [{"http-equiv":"content-type","content":"text/html; charset=UTF-8"},{"name":"viewport","content":"width=device-width, initial-scale=1.0, maximum-scale=1.0, minimum-scale=1.0, user-scalable=no"},{"name":"format-detection","content":"telephone=no, email=no"},{"name":"apple-mobile-web-app-capable","content":"yes"},{"name":"apple-mobile-web-app-status-bar-style","content":"white"},{"name":"renderer","content":"webkit"},{"http-equiv":"X-UA-Compatible","content":"IE=edge,chrome=1"},{"name":"filetype","content":"1"},{"name":"publishedtype","content":"1"},{"name":"pagetype","content":"2"},{"name":"screen-orientation","content":"landscape"},{"name":"x5-orientation","content":"landscape"},{"name":"full-screen","content":"yes"},{"name":"x5-fullscreen","content":"true"},{"name":"browsermode","content":"application"},{"name":"x5-page-mode","content":"app"}]
[2019-12-28T13:38:46.452] [INFO] default - 开始处理模块: one
[2019-12-28T13:38:47.054] [DEBUG] default - 缓存模板: one./src/page/one.owo
[2019-12-28T13:38:47.149] [DEBUG] default - 页面one处理用时: 697 毫秒!
[2019-12-28T13:38:47.151] [INFO] default - 文件夹不存在: C:/Users/my/Documents/GitHub/dfzjH5/dist/static/resource
[2019-12-28T13:38:47.151] [INFO] default - 创建文件夹: C:/Users/my/Documents/GitHub/dfzjH5/dist/static/resource
[2019-12-28T13:38:47.151] [DEBUG] default - css中的资源处理完毕!
[2019-12-28T13:38:47.692] [DEBUG] default - 使用postcss处理样式，使用了1个插件!
[2019-12-28T13:38:47.762] [INFO] default - 文件夹不存在: C:\Users\my\Documents\GitHub\dfzjH5\dist\static\css
[2019-12-28T13:38:47.762] [INFO] default - 创建文件夹: C:\Users\my\Documents\GitHub\dfzjH5\dist\static\css
[2019-12-28T13:38:47.762] [INFO] default - 开始处理附属css中的资源
[2019-12-28T13:38:47.763] [INFO] default - 附属css中的资源处理完毕!
[2019-12-28T13:38:47.763] [INFO] default - 处理字体: {}
[2019-12-28T13:38:47.769] [INFO] default - 使用postcss处理完毕! 用时: 77 毫秒
[2019-12-28T13:38:47.770] [INFO] default - 正在处理script!
[2019-12-28T13:38:48.380] [INFO] default - 工程中只有一个页面!
[2019-12-28T13:38:48.382] [INFO] default - js中的资源处理完毕!
[2019-12-28T13:38:48.382] [DEBUG] default - 处理引用脚本: [{"name":"iscroll-lite","src":"./src/resource/iscroll-lite.js"},{"name":"lax","src":"./src/resource/lax.js"},{"name":"main","src":"./src/main.js","resource":true}]
[2019-12-28T13:38:48.382] [DEBUG] default - 外部脚本数量: 3
[2019-12-28T13:38:48.382] [DEBUG] default - 处理脚本: iscroll-lite
[2019-12-28T13:38:48.382] [INFO] default - 读取文件: C:\Users\my\Documents\GitHub\dfzjH5\src\resource\iscroll-lite.js
[2019-12-28T13:38:48.382] [DEBUG] default - 处理脚本: lax
[2019-12-28T13:38:48.383] [INFO] default - 读取文件: C:\Users\my\Documents\GitHub\dfzjH5\src\resource\lax.js
[2019-12-28T13:38:48.383] [DEBUG] default - 处理脚本: main
[2019-12-28T13:38:48.383] [INFO] default - 读取文件: C:\Users\my\Documents\GitHub\dfzjH5\src\main.js
[2019-12-28T13:38:48.383] [DEBUG] default - 输出scriptData
[2019-12-28T13:38:48.384] [DEBUG] default - 准备输出html!
[2019-12-28T13:38:48.389] [DEBUG] default - 忽略文件: C:/Users/my/Documents/GitHub/dfzjH5/src/resource/home-34.png
[2019-12-28T13:38:48.389] [DEBUG] default - 忽略文件: C:/Users/my/Documents/GitHub/dfzjH5/src/resource/home-34.png
[2019-12-28T13:38:48.389] [DEBUG] default - 忽略文件: C:/Users/my/Documents/GitHub/dfzjH5/src/resource/home-34.png
[2019-12-28T13:38:48.391] [DEBUG] default - 处理资源:  [ 'C:/Users/my/Documents/GitHub/dfzjH5/src/resource/home-63.png',
  'C:/Users/my/Documents/GitHub/dfzjH5/src/resource/home-57.png',
  'C:/Users/my/Documents/GitHub/dfzjH5/src/resource/home-61.png',
  'C:/Users/my/Documents/GitHub/dfzjH5/src/resource/home-62.png',
  'C:/Users/my/Documents/GitHub/dfzjH5/src/resource/path-2.png',
  'C:/Users/my/Documents/GitHub/dfzjH5/src/resource/path-3.png',
  'C:/Users/my/Documents/GitHub/dfzjH5/src/resource/path-4.png',
  'C:/Users/my/Documents/GitHub/dfzjH5/src/resource/path-5.png',
  'C:/Users/my/Documents/GitHub/dfzjH5/src/resource/path-6.png',
  'C:/Users/my/Documents/GitHub/dfzjH5/src/resource/path-7.png',
  'C:/Users/my/Documents/GitHub/dfzjH5/src/resource/path-8.png',
  'C:/Users/my/Documents/GitHub/dfzjH5/src/resource/path-9.png',
  'C:/Users/my/Documents/GitHub/dfzjH5/src/resource/path-10.png',
  'C:/Users/my/Documents/GitHub/dfzjH5/src/resource/doit-9.png',
  'C:/Users/my/Documents/GitHub/dfzjH5/src/resource/doit-8.png',
  'C:/Users/my/Documents/GitHub/dfzjH5/src/resource/doit-7.png',
  'C:/Users/my/Documents/GitHub/dfzjH5/src/resource/doit-6.png',
  'C:/Users/my/Documents/GitHub/dfzjH5/src/resource/doit-5.png',
  'C:/Users/my/Documents/GitHub/dfzjH5/src/resource/doit-4.png',
  'C:/Users/my/Documents/GitHub/dfzjH5/src/resource/doit-3.png',
  'C:/Users/my/Documents/GitHub/dfzjH5/src/resource/doit-2.png',
  'C:/Users/my/Documents/GitHub/dfzjH5/src/resource/home-71.png',
  'C:/Users/my/Documents/GitHub/dfzjH5/src/resource/home-72.png',
  'C:/Users/my/Documents/GitHub/dfzjH5/src/resource/home-49.png',
  'C:/Users/my/Documents/GitHub/dfzjH5/src/resource/home-50.png',
  'C:/Users/my/Documents/GitHub/dfzjH5/src/resource/home-42.png',
  'C:/Users/my/Documents/GitHub/dfzjH5/src/resource/home-43.png',
  'C:/Users/my/Documents/GitHub/dfzjH5/src/resource/home-36.png',
  'C:/Users/my/Documents/GitHub/dfzjH5/src/resource/home-41.png',
  'C:/Users/my/Documents/GitHub/dfzjH5/src/resource/home-31.png',
  'C:/Users/my/Documents/GitHub/dfzjH5/src/resource/home-32.png',
  'C:/Users/my/Documents/GitHub/dfzjH5/src/resource/home-23.png',
  'C:/Users/my/Documents/GitHub/dfzjH5/src/resource/home-24.png',
  'C:/Users/my/Documents/GitHub/dfzjH5/src/resource/home-13.png',
  'C:/Users/my/Documents/GitHub/dfzjH5/src/resource/home-12.png',
  'C:/Users/my/Documents/GitHub/dfzjH5/src/resource/home-6.png',
  'C:/Users/my/Documents/GitHub/dfzjH5/src/resource/home-70.png',
  'C:/Users/my/Documents/GitHub/dfzjH5/src/resource/home-56.png',
  'C:/Users/my/Documents/GitHub/dfzjH5/src/resource/home-48.png',
  'C:/Users/my/Documents/GitHub/dfzjH5/src/resource/home-40.png',
  'C:/Users/my/Documents/GitHub/dfzjH5/src/resource/home-30.png',
  'C:/Users/my/Documents/GitHub/dfzjH5/src/resource/home-22.png',
  'C:/Users/my/Documents/GitHub/dfzjH5/src/resource/home-14.png',
  'C:/Users/my/Documents/GitHub/dfzjH5/src/resource/home-4.png',
  'C:/Users/my/Documents/GitHub/dfzjH5/src/resource/home-64.png',
  'C:/Users/my/Documents/GitHub/dfzjH5/src/resource/home-66.png',
  'C:/Users/my/Documents/GitHub/dfzjH5/src/resource/home-65.png',
  'C:/Users/my/Documents/GitHub/dfzjH5/src/resource/home-52.png',
  'C:/Users/my/Documents/GitHub/dfzjH5/src/resource/home-51.png',
  'C:/Users/my/Documents/GitHub/dfzjH5/src/resource/home-44.png',
  'C:/Users/my/Documents/GitHub/dfzjH5/src/resource/home-34.png',
  'C:/Users/my/Documents/GitHub/dfzjH5/src/resource/home-33.png',
  'C:/Users/my/Documents/GitHub/dfzjH5/src/resource/home-35.png',
  'C:/Users/my/Documents/GitHub/dfzjH5/src/resource/home-28.png',
  'C:/Users/my/Documents/GitHub/dfzjH5/src/resource/home-29.png',
  'C:/Users/my/Documents/GitHub/dfzjH5/src/resource/home-20.png',
  'C:/Users/my/Documents/GitHub/dfzjH5/src/resource/home-19.png',
  'C:/Users/my/Documents/GitHub/dfzjH5/src/resource/home-21.png',
  'C:/Users/my/Documents/GitHub/dfzjH5/src/resource/home-8.png',
  'C:/Users/my/Documents/GitHub/dfzjH5/src/resource/home-9.png',
  'C:/Users/my/Documents/GitHub/dfzjH5/src/resource/home-5.png',
  'C:/Users/my/Documents/GitHub/dfzjH5/src/resource/home-75.png',
  'C:/Users/my/Documents/GitHub/dfzjH5/src/resource/home-78.png',
  'C:/Users/my/Documents/GitHub/dfzjH5/src/resource/home-81.png',
  'C:/Users/my/Documents/GitHub/dfzjH5/src/resource/home-87.png',
  'C:/Users/my/Documents/GitHub/dfzjH5/src/resource/home-90.png',
  'C:/Users/my/Documents/GitHub/dfzjH5/src/resource/home-93.png',
  'C:/Users/my/Documents/GitHub/dfzjH5/src/resource/home-96.png',
  'C:/Users/my/Documents/GitHub/dfzjH5/src/resource/home-99.png',
  'C:/Users/my/Documents/GitHub/dfzjH5/src/resource/home-102.png',
  'C:/Users/my/Documents/GitHub/dfzjH5/src/resource/home-105.png',
  'C:/Users/my/Documents/GitHub/dfzjH5/src/resource/home-108.png',
  'C:/Users/my/Documents/GitHub/dfzjH5/src/resource/home-111.png',
  'C:/Users/my/Documents/GitHub/dfzjH5/src/resource/home-114.png',
  'C:/Users/my/Documents/GitHub/dfzjH5/src/resource/home-117.png' ]
[2019-12-28T13:38:48.392] [DEBUG] default - 资源目录:  C:/Users/my/Documents/GitHub/dfzjH5/dist/static/resource
[2019-12-28T13:38:48.396] [DEBUG] default - 开始美化html
[2019-12-28T13:38:48.436] [INFO] default - 文件夹不存在: C:\Users\my\Documents\GitHub\dfzjH5\dist\static\js
[2019-12-28T13:38:48.437] [INFO] default - 创建文件夹: C:\Users\my\Documents\GitHub\dfzjH5\dist\static\js
[2019-12-28T13:38:48.437] [DEBUG] default - 页面中不包含切换动画!
[2019-12-28T13:38:48.437] [INFO] default - 编译结束!
[2019-12-28T13:38:48.468] [INFO] default - 写入文件: C:\Users\my\Documents\GitHub\dfzjH5\dist\static\css\owo.main.0ynbui4bndr.css
[2019-12-28T13:38:48.469] [INFO] default - 读取成功: C:\Users\my\Documents\GitHub\dfzjH5\src\main.css
[2019-12-28T13:38:48.469] [DEBUG] default - 处理资源:  [ 'C:/Users/my/Documents/GitHub/dfzjH5/src/resource/bg.jpg' ]
[2019-12-28T13:38:48.469] [DEBUG] default - 资源目录:  C:/Users/my/Documents/GitHub/dfzjH5/dist/static/resource
[2019-12-28T13:38:48.469] [INFO] default - 读取成功: C:\Users\my\Documents\GitHub\dfzjH5\src\main.js
[2019-12-28T13:38:48.469] [INFO] default - 主要逻辑文件写出成功!
[2019-12-28T13:38:48.470] [INFO] default - 读取成功: C:\Users\my\Documents\GitHub\dfzjH5\src\resource\lax.js
[2019-12-28T13:38:48.666] [INFO] default - 读取成功: C:\Users\my\Documents\GitHub\dfzjH5\src\resource\iscroll-lite.js
[2019-12-28T13:38:48.689] [INFO] default - 写入文件: C:\Users\my\Documents\GitHub\dfzjH5\dist\static\js\main.js
[2019-12-28T13:38:48.690] [INFO] default - 写入文件: C:\Users\my\Documents\GitHub\dfzjH5\dist\static\css\main.css
[2019-12-28T13:38:48.693] [INFO] default - 写入文件: C:\Users\my\Documents\GitHub\dfzjH5\dist\static\js\lax.js
[2019-12-28T13:38:48.728] [INFO] default - 写入文件: C:\Users\my\Documents\GitHub\dfzjH5\dist\static\js\iscroll-lite.js
